{
  "wallTime": 26,
  "cpuTime": 5,
  "truncated": false,
  "executionModel": "stateless",
  "outcome": "ok",
  "scriptVersion": {
    "id": "5ae9b8c0-e2ac-442f-a42b-a62dc6771745"
  },
  "scriptName": "talmud",
  "diagnosticsChannelEvents": [],
  "exceptions": [],
  "logs": [
    {
      "message": [
        "🌐 Request:",
        {
          "method": "GET",
          "url": "/api/summary",
          "params": "tractate=Berakhot&page=2&amud=a",
          "timestamp": "2025-08-04T12:36:10.887Z"
        }
      ],
      "level": "log",
      "timestamp": 1754310970887
    },
    {
      "message": [
        "API Key available:",
        true,
        "Length:",
        73
      ],
      "level": "log",
      "timestamp": 1754310970887
    },
    {
      "message": [
        "[convertDafToHebrewBooksFormat v2] Converting 2a to 2"
      ],
      "level": "log",
      "timestamp": 1754310970887
    },
    {
      "message": [
        "Fetching from daf-supplier v3: mesechta=1, daf=2 (converted from 2a)"
      ],
      "level": "log",
      "timestamp": 1754310970887
    },
    {
      "message": [
        "Calling daf-supplier URL: https://daf-supplier.402.workers.dev?mesechta=1&daf=2&br=true"
      ],
      "level": "log",
      "timestamp": 1754310970887
    },
    {
      "message": [
        "daf-supplier error: status=404, text=error code: 1042"
      ],
      "level": "error",
      "timestamp": 1754310970898
    },
    {
      "message": [
        "Summary API error:",
        "Error: Failed to fetch Talmud data: 404"
      ],
      "level": "error",
      "timestamp": 1754310970898
    },
    {
      "message": [
        "✅ Response:",
        {
          "url": "/api/summary",
          "status": 500,
          "timestamp": "2025-08-04T12:36:10.898Z"
        }
      ],
      "level": "log",
      "timestamp": 1754310970898
    }
  ],
  "eventTimestamp": 1754310970840,
  "event": {
    "request": {
      "url": "https://talmud.402.workers.dev/api/summary?tractate=Berakhot&page=2&amud=a",
      "method": "GET",
      "headers": {
        "accept": "*/*",
        "accept-encoding": "gzip, br",
        "cf-connecting-ip": "79.177.130.92",
        "cf-ipcountry": "IL",
        "cf-ray": "969e194f99442482",
        "cf-visitor": "{\"scheme\":\"https\"}",
        "connection": "Keep-Alive",
        "host": "talmud.402.workers.dev",
        "user-agent": "curl/8.6.0",
        "x-forwarded-proto": "https",
        "x-real-ip": "79.177.130.92"
      },
      "cf": {
        "clientTcpRtt": 6,
        "requestHeaderNames": {},
        "httpProtocol": "HTTP/2",
        "tlsCipher": "AEAD-CHACHA20-POLY1305-SHA256",
        "continent": "AS",
        "asn": 6810,
        "verifiedBotCategory": "",
        "country": "IL",
        "isEUCountry": false,
        "region": "Tel Aviv",
        "tlsClientCiphersSha1": "eDGmD1H99AwNYzOR+7eoGLo6eLU=",
        "tlsClientAuth": {
          "certIssuerDNLegacy": "",
          "certIssuerSKI": "",
          "certSubjectDNRFC2253": "",
          "certSubjectDNLegacy": "",
          "certFingerprintSHA256": "",
          "certNotBefore": "",
          "certSKI": "",
          "certSerial": "",
          "certIssuerDN": "",
          "certVerified": "NONE",
          "certNotAfter": "",
          "certSubjectDN": "",
          "certPresented": "0",
          "certRevoked": "0",
          "certIssuerSerial": "",
          "certIssuerDNRFC2253": "",
          "certFingerprintSHA1": ""
        },
        "tlsClientRandom": "Onkj08by6/3xeudIUMpbLMM/2AepSZzi6eBBb4Ul03k=",
        "tlsExportedAuthenticator": {
          "clientFinished": "4987ec9fcfe043407c589e0795e490a08cf8dc760177fb096a390cde507d8951",
          "clientHandshake": "79da42840bd53df3e576dfde7a638753310e1ecef411ef2566f51ecd3bf7b68d",
          "serverHandshake": "c654f60eab1a81d161a62e3bd09f1ee8c114a66697a351f9d579415df8828b6b",
          "serverFinished": "ee34f98cdeca2b62801bb5ea5459c7285834e2126805adec9bfa8a36b890086d"
        },
        "tlsClientHelloLength": "323",
        "colo": "TLV",
        "timezone": "Asia/Jerusalem",
        "longitude": "34.82536",
        "latitude": "32.16627",
        "edgeRequestKeepAliveStatus": 1,
        "requestPriority": "weight=16;exclusive=0;group=0;group-weight=0",
        "city": "Herzliya",
        "tlsVersion": "TLSv1.3",
        "regionCode": "TA",
        "asOrganization": "Bezeq International Ltd.",
        "tlsClientExtensionsSha1Le": "NMNf2YIpLBhtroOEBooGFi+jtJ8=",
        "tlsClientExtensionsSha1": "Ub+nUmIm1U57hdNSUph0R+kx9Gc="
      }
    },
    "response": {
      "status": 500
    }
  }
}
