{
  "wallTime": 18,
  "cpuTime": 4,
  "truncated": false,
  "executionModel": "stateless",
  "outcome": "ok",
  "scriptVersion": {
    "id": "2f5eb48c-9097-4206-81f5-da554e3c78a1"
  },
  "scriptName": "talmud",
  "diagnosticsChannelEvents": [],
  "exceptions": [],
  "logs": [
    {
      "message": [
        "🌐 Request:",
        {
          "method": "GET",
          "url": "/api/summary",
          "params": "tractate=Berakhot&page=2&amud=a",
          "timestamp": "2025-08-04T12:34:57.080Z"
        }
      ],
      "level": "log",
      "timestamp": 1754310897080
    },
    {
      "message": [
        "API Key available:",
        true,
        "Length:",
        73
      ],
      "level": "log",
      "timestamp": 1754310897080
    },
    {
      "message": [
        "Fetching from daf-supplier: mesechta=1, daf=3 (converted from 2a)"
      ],
      "level": "log",
      "timestamp": 1754310897080
    },
    {
      "message": [
        "Summary API error:",
        "Error: Failed to fetch Talmud data: 404"
      ],
      "level": "error",
      "timestamp": 1754310897086
    },
    {
      "message": [
        "✅ Response:",
        {
          "url": "/api/summary",
          "status": 500,
          "timestamp": "2025-08-04T12:34:57.086Z"
        }
      ],
      "level": "log",
      "timestamp": 1754310897086
    }
  ],
  "eventTimestamp": 1754310897043,
  "event": {
    "request": {
      "url": "https://talmud.402.workers.dev/api/summary?tractate=Berakhot&page=2&amud=a",
      "method": "GET",
      "headers": {
        "accept": "*/*",
        "accept-encoding": "gzip, br",
        "cf-connecting-ip": "79.177.130.92",
        "cf-ipcountry": "IL",
        "cf-ray": "969e178278b2dc03",
        "cf-visitor": "{\"scheme\":\"https\"}",
        "connection": "Keep-Alive",
        "host": "talmud.402.workers.dev",
        "user-agent": "curl/8.6.0",
        "x-forwarded-proto": "https",
        "x-real-ip": "79.177.130.92"
      },
      "cf": {
        "clientTcpRtt": 7,
        "requestHeaderNames": {},
        "httpProtocol": "HTTP/2",
        "tlsCipher": "AEAD-CHACHA20-POLY1305-SHA256",
        "continent": "AS",
        "asn": 6810,
        "verifiedBotCategory": "",
        "country": "IL",
        "isEUCountry": false,
        "region": "Tel Aviv",
        "tlsClientCiphersSha1": "eDGmD1H99AwNYzOR+7eoGLo6eLU=",
        "tlsClientAuth": {
          "certIssuerDNLegacy": "",
          "certIssuerSKI": "",
          "certSubjectDNRFC2253": "",
          "certSubjectDNLegacy": "",
          "certFingerprintSHA256": "",
          "certNotBefore": "",
          "certSKI": "",
          "certSerial": "",
          "certIssuerDN": "",
          "certVerified": "NONE",
          "certNotAfter": "",
          "certSubjectDN": "",
          "certPresented": "0",
          "certRevoked": "0",
          "certIssuerSerial": "",
          "certIssuerDNRFC2253": "",
          "certFingerprintSHA1": ""
        },
        "tlsClientRandom": "yy8m7p+p1gic/lTjmmEUDPrwpfwIDxR8iBnHQo7Nh5c=",
        "tlsExportedAuthenticator": {
          "clientFinished": "069346f0d8c5b3b108027dabfa748814e3ff38c9d7cbf343f78a170880af9eb7",
          "clientHandshake": "c82b00e1760aeb880fd9ae332182e0afb681b42e81bfa72e98ead53bfa53ad59",
          "serverHandshake": "766a68dd6b7525a56bc3f16b90c6257dc274267d50ac74388b9939eff4902b74",
          "serverFinished": "b8d52371039e0d2ab333851120012e8551e53859aee130cf4f5d525aa950c824"
        },
        "tlsClientHelloLength": "323",
        "colo": "TLV",
        "timezone": "Asia/Jerusalem",
        "longitude": "34.82536",
        "latitude": "32.16627",
        "edgeRequestKeepAliveStatus": 1,
        "requestPriority": "weight=16;exclusive=0;group=0;group-weight=0",
        "city": "Herzliya",
        "tlsVersion": "TLSv1.3",
        "regionCode": "TA",
        "asOrganization": "Bezeq International Ltd.",
        "tlsClientExtensionsSha1Le": "NMNf2YIpLBhtroOEBooGFi+jtJ8=",
        "tlsClientExtensionsSha1": "Ub+nUmIm1U57hdNSUph0R+kx9Gc="
      }
    },
    "response": {
      "status": 500
    }
  }
}
